<?xml version="1.0" encoding="UTF-8"?>
<!-- Generated by org.testng.reporters.JUnitXMLReporter -->
<testsuite ignored="0" hostname="Nuvobook_V1" failures="0" tests="3" name="Default test" time="24.09" errors="0" timestamp="2024-06-19T17:43:45 IST">
  <testcase classname="Registration.Registration_1" name="signup" time="12.85"/>
  <testcase classname="Registration.Registration_1" name="login" time="4.301"/>
  <testcase classname="Registration.Registration_1" name="search_product" time="1.738"/>
</testsuite> <!-- Default test -->
