<?xml version="1.0" encoding="UTF-8"?>
<testng-results ignored="0" total="3" passed="3" failed="0" skipped="0">
  <reporter-output>
  </reporter-output>
  <suite started-at="2024-06-19T17:43:20 IST" name="Default suite" finished-at="2024-06-19T17:43:45 IST" duration-ms="24090">
    <groups>
    </groups>
    <test started-at="2024-06-19T17:43:20 IST" name="Default test" finished-at="2024-06-19T17:43:45 IST" duration-ms="24090">
      <class name="Registration.Registration_1">
        <test-method is-config="true" signature="setup()[pri:0, instance:Registration.Registration_1@5386659f]" started-at="2024-06-19T17:43:20 IST" name="setup" finished-at="2024-06-19T17:43:26 IST" duration-ms="5143" status="PASS">
          <reporter-output>
          </reporter-output>
        </test-method> <!-- setup -->
        <test-method signature="signup()[pri:1, instance:Registration.Registration_1@5386659f]" started-at="2024-06-19T17:43:26 IST" name="signup" finished-at="2024-06-19T17:43:38 IST" duration-ms="12850" status="PASS">
          <reporter-output>
          </reporter-output>
        </test-method> <!-- signup -->
        <test-method signature="login()[pri:2, instance:Registration.Registration_1@5386659f]" started-at="2024-06-19T17:43:38 IST" name="login" finished-at="2024-06-19T17:43:43 IST" duration-ms="4301" status="PASS">
          <reporter-output>
          </reporter-output>
        </test-method> <!-- login -->
        <test-method signature="search_product()[pri:3, instance:Registration.Registration_1@5386659f]" started-at="2024-06-19T17:43:43 IST" name="search_product" finished-at="2024-06-19T17:43:45 IST" duration-ms="1738" status="PASS">
          <reporter-output>
          </reporter-output>
        </test-method> <!-- search_product -->
      </class> <!-- Registration.Registration_1 -->
    </test> <!-- Default test -->
  </suite> <!-- Default suite -->
</testng-results>
